
Symbol table '.symtab' contains 33 entries:
   Num:    Value  Size Type    Bind   Vis      Ndx Name
     0: 00000000     0 NOTYPE  LOCAL  DEFAULT  UND 
     1: 00000000     0 FILE    LOCAL  DEFAULT  ABS soar_wram.arm.c
     2: 00000000     0 SECTION LOCAL  DEFAULT    1 
     3: 00000000     0 SECTION LOCAL  DEFAULT    3 
     4: 00000000     0 SECTION LOCAL  DEFAULT    4 
     5: 00000000     0 NOTYPE  LOCAL  DEFAULT    1 $a
     6: 00000658     0 NOTYPE  LOCAL  DEFAULT    1 $d
     7: 00000000     0 SECTION LOCAL  DEFAULT    8 
     8: 00000000     0 SECTION LOCAL  DEFAULT   10 
     9: 00000000     0 SECTION LOCAL  DEFAULT    6 
    10: 00000000     0 SECTION LOCAL  DEFAULT   13 
    11: 00000000     0 SECTION LOCAL  DEFAULT   11 
    12: 00000000     0 SECTION LOCAL  DEFAULT    5 
    13: 00000000     0 SECTION LOCAL  DEFAULT   14 
    14: 00000000  1732 FUNC    GLOBAL DEFAULT    1 NewWMLoop
    15: 00000000     0 NOTYPE  GLOBAL DEFAULT  UND gObj_32x32
    16: 00000000     0 NOTYPE  GLOBAL DEFAULT  UND ObjInsertSafe
    17: 00000000     0 NOTYPE  GLOBAL DEFAULT  UND translatedLocations
    18: 00000000     0 NOTYPE  GLOBAL DEFAULT  UND thumb_loop
    19: 00000000     0 NOTYPE  GLOBAL DEFAULT  UND skies
    20: 00000000     0 NOTYPE  GLOBAL DEFAULT  UND CpuFastSet
    21: 00000000     0 NOTYPE  GLOBAL DEFAULT  UND fogClrs
    22: 00000000     0 NOTYPE  GLOBAL DEFAULT  UND pleftmatrix
    23: 00000000     0 NOTYPE  GLOBAL DEFAULT  UND heightMap
    24: 00000000     0 NOTYPE  GLOBAL DEFAULT  UND hosTables
    25: 00000000     0 NOTYPE  GLOBAL DEFAULT  UND vid_flip
    26: 00000000     0 NOTYPE  GLOBAL DEFAULT  UND colourMap_sunset
    27: 00000000     0 NOTYPE  GLOBAL DEFAULT  UND colourMap
    28: 00000000     0 NOTYPE  GLOBAL DEFAULT  UND iwram_clr_blend_asm
    29: 00000000     0 NOTYPE  GLOBAL DEFAULT  UND WorldMapNodes
    30: 00000000     0 NOTYPE  GLOBAL DEFAULT  UND gObj_32x8
    31: 00000000     0 NOTYPE  GLOBAL DEFAULT  UND gObj_64x64
    32: 00000000     0 NOTYPE  GLOBAL DEFAULT  UND gObj_8x8
