
Symbol table '.symtab' contains 22 entries:
   Num:    Value  Size Type    Bind   Vis      Ndx Name
     0: 00000000     0 NOTYPE  LOCAL  DEFAULT  UND 
     1: 00000000     0 SECTION LOCAL  DEFAULT    1 
     2: 00000000     0 SECTION LOCAL  DEFAULT    3 
     3: 00000000     0 SECTION LOCAL  DEFAULT    4 
     4: 00000000     0 NOTYPE  LOCAL  DEFAULT    1 $a
     5: 00000080     0 NOTYPE  LOCAL  DEFAULT  ABS MODE5_ROTATED_WIDTH
     6: 000000a0     0 NOTYPE  LOCAL  DEFAULT  ABS MODE5_ROTATED_HEIGHT
     7: 00060000     0 NOTYPE  LOCAL  DEFAULT  ABS SWI_DIV
     8: 000b0000     0 NOTYPE  LOCAL  DEFAULT  ABS SWI_CPUSET
     9: 000c0000     0 NOTYPE  LOCAL  DEFAULT  ABS SWI_CPUFASTSET
    10: 04000000     0 NOTYPE  LOCAL  DEFAULT  ABS CPUSET_32BIT
    11: 01000000     0 NOTYPE  LOCAL  DEFAULT  ABS CPUSET_SRC_FIXED
    12: 00000068     0 NOTYPE  LOCAL  DEFAULT    1 $d
    13: 00000000     0 SECTION LOCAL  DEFAULT    7 
    14: 00000000     0 SECTION LOCAL  DEFAULT    9 
    15: 00000000     0 SECTION LOCAL  DEFAULT    5 
    16: 00000000     0 SECTION LOCAL  DEFAULT   12 
    17: 00000000     0 SECTION LOCAL  DEFAULT   10 
    18: 00000000     0 SECTION LOCAL  DEFAULT   13 
    19: 00000000     0 FUNC    GLOBAL DEFAULT    1 Render
    20: 00000000     0 NOTYPE  GLOBAL DEFAULT  UND skies
    21: 00000000     0 NOTYPE  GLOBAL DEFAULT  UND vid_flip
